mode: set
cerberus/config/config.go:96.20,134.2 37 1
cerberus/config/config.go:137.20,140.2 2 1
cerberus/config/config.go:143.44,145.32 1 1
cerberus/config/config.go:145.32,147.17 2 1
cerberus/config/config.go:147.17,149.4 1 0
cerberus/config/config.go:150.3,151.28 2 1
cerberus/config/config.go:154.2,154.47 1 1
cerberus/config/config.go:154.47,156.3 1 0
cerberus/config/config.go:158.2,158.12 1 1
cerberus/config/config.go:162.36,171.45 7 1
cerberus/config/config.go:171.46,173.3 0 1
cerberus/config/config.go:175.2,176.49 2 1
cerberus/config/config.go:176.49,178.3 1 0
cerberus/config/config.go:181.2,181.67 1 1
cerberus/config/config.go:181.67,183.3 1 1
cerberus/config/config.go:184.2,184.89 1 1
cerberus/config/config.go:184.89,186.3 1 1
cerberus/config/config.go:188.2,188.49 1 1
cerberus/config/config.go:188.49,190.3 1 0
cerberus/config/config.go:192.2,192.21 1 1
cerberus/config/config.go:196.43,198.28 1 1
cerberus/config/config.go:198.28,199.119 1 1
cerberus/config/config.go:199.119,201.4 1 1
cerberus/config/config.go:202.3,203.17 2 1
cerberus/config/config.go:203.17,205.4 1 0
cerberus/config/config.go:206.3,206.24 1 1
cerberus/config/config.go:206.24,208.4 1 1
cerberus/config/config.go:209.3,209.36 1 1
cerberus/config/config.go:209.36,211.4 1 1
cerberus/config/config.go:215.2,225.30 2 1
cerberus/config/config.go:225.30,226.35 1 1
cerberus/config/config.go:226.35,228.4 1 1
cerberus/config/config.go:229.3,229.19 1 1
cerberus/config/config.go:229.19,231.4 1 1
cerberus/config/config.go:235.2,235.52 1 1
cerberus/config/config.go:235.52,237.3 1 1
cerberus/config/config.go:240.2,240.34 1 1
cerberus/config/config.go:240.34,242.3 1 1
cerberus/config/config.go:243.2,243.34 1 1
cerberus/config/config.go:243.34,245.3 1 1
cerberus/config/config.go:248.2,248.61 1 1
cerberus/config/config.go:248.61,250.3 1 1
cerberus/config/config.go:251.2,251.55 1 1
cerberus/config/config.go:251.55,253.3 1 1
cerberus/config/config.go:256.2,256.29 1 1
cerberus/config/config.go:256.29,257.30 1 1
cerberus/config/config.go:257.30,259.4 1 1
cerberus/config/config.go:260.3,260.152 1 1
cerberus/config/config.go:260.152,262.4 1 1
cerberus/config/config.go:263.3,263.63 1 1
cerberus/config/config.go:263.63,265.4 1 1
cerberus/config/config.go:269.2,269.67 1 1
cerberus/config/config.go:269.67,270.185 1 1
cerberus/config/config.go:270.185,272.4 1 1
cerberus/config/config.go:273.3,273.74 1 1
cerberus/config/config.go:273.74,275.4 1 1
cerberus/config/config.go:278.2,278.12 1 1
